app/android/build/intermediates/manifest_merge_blame_file/debug/processDebugMainManifest/manifest-merger-blame-debug-report.txt
1<?xml version="1.0" encoding="utf-8"?>
2<manifest xmlns:android="http://schemas.android.com/apk/res/android"
3    package="app.scotty"
4    android:versionCode="1"
5    android:versionName="1.17.0" >
6
7    <uses-sdk
8        android:minSdkVersion="24"
9        android:targetSdkVersion="35" />
10
11    <uses-permission android:name="android.permission.INTERNET" />
11-->src/main/AndroidManifest.xml:5:5-67
11-->src/main/AndroidManifest.xml:5:22-64
12    <uses-permission android:name="android.permission.ACCESS_NETWORK_STATE" />
12-->src/main/AndroidManifest.xml:6:5-79
12-->src/main/AndroidManifest.xml:6:22-76
13    <uses-permission android:name="android.permission.ACCESS_WIFI_STATE" />
13-->src/main/AndroidManifest.xml:7:5-76
13-->src/main/AndroidManifest.xml:7:22-73
14    <uses-permission android:name="android.permission.CHANGE_WIFI_STATE" />
14-->src/main/AndroidManifest.xml:8:5-76
14-->src/main/AndroidManifest.xml:8:22-73
15
16    <!-- Permissions for file reading -->
17    <uses-permission
17-->src/main/AndroidManifest.xml:11:5-12:38
18        android:name="android.permission.READ_EXTERNAL_STORAGE"
18-->src/main/AndroidManifest.xml:11:22-77
19        android:maxSdkVersion="32" />
19-->src/main/AndroidManifest.xml:12:9-35
20    <uses-permission
20-->src/main/AndroidManifest.xml:13:5-14:38
21        android:name="android.permission.WRITE_EXTERNAL_STORAGE"
21-->src/main/AndroidManifest.xml:13:22-78
22        android:maxSdkVersion="29" />
22-->src/main/AndroidManifest.xml:14:9-35
23    <uses-permission android:name="android.permission.READ_MEDIA_IMAGES" />
23-->src/main/AndroidManifest.xml:15:5-76
23-->src/main/AndroidManifest.xml:15:22-73
24    <uses-permission android:name="android.permission.READ_MEDIA_VIDEO" />
24-->src/main/AndroidManifest.xml:16:5-75
24-->src/main/AndroidManifest.xml:16:22-72
25    <uses-permission android:name="android.permission.READ_MEDIA_AUDIO" />
25-->src/main/AndroidManifest.xml:17:5-75
25-->src/main/AndroidManifest.xml:17:22-72
26    <uses-permission android:name="android.permission.NFC" />
26-->src/main/AndroidManifest.xml:19:5-62
26-->src/main/AndroidManifest.xml:19:22-59
27
28    <uses-feature
28-->src/main/AndroidManifest.xml:20:5-86
29        android:name="android.hardware.nfc.hce"
29-->src/main/AndroidManifest.xml:20:19-58
30        android:required="false" />
30-->src/main/AndroidManifest.xml:20:59-83
31
32    <!-- Nearby Connections Permissions -->
33    <uses-permission
33-->src/main/AndroidManifest.xml:23:5-95
34        android:name="android.permission.BLUETOOTH"
34-->src/main/AndroidManifest.xml:23:22-65
35        android:maxSdkVersion="30" />
35-->src/main/AndroidManifest.xml:23:66-92
36    <uses-permission
36-->src/main/AndroidManifest.xml:24:5-101
37        android:name="android.permission.BLUETOOTH_ADMIN"
37-->src/main/AndroidManifest.xml:24:22-71
38        android:maxSdkVersion="30" />
38-->src/main/AndroidManifest.xml:24:72-98
39    <!-- Android 12+ Bluetooth permissions -->
40    <uses-permission
40-->src/main/AndroidManifest.xml:26:5-27:71
41        android:name="android.permission.BLUETOOTH_SCAN"
41-->src/main/AndroidManifest.xml:26:22-70
42        android:usesPermissionFlags="neverForLocation" />
42-->src/main/AndroidManifest.xml:27:22-68
43    <uses-permission android:name="android.permission.BLUETOOTH_ADVERTISE" />
43-->src/main/AndroidManifest.xml:28:5-78
43-->src/main/AndroidManifest.xml:28:22-75
44    <uses-permission android:name="android.permission.BLUETOOTH_CONNECT" />
44-->src/main/AndroidManifest.xml:29:5-76
44-->src/main/AndroidManifest.xml:29:22-73
45
46    <!-- Required for Discovery and Wi-Fi -->
47    <uses-permission
47-->src/main/AndroidManifest.xml:32:5-108
48        android:name="android.permission.ACCESS_COARSE_LOCATION"
48-->src/main/AndroidManifest.xml:32:22-78
49        android:maxSdkVersion="28" />
49-->src/main/AndroidManifest.xml:32:79-105
50    <uses-permission android:name="android.permission.ACCESS_FINE_LOCATION" />
50-->src/main/AndroidManifest.xml:33:5-79
50-->src/main/AndroidManifest.xml:33:22-76
51    <!-- Android 13+ Wi-Fi peer to peer -->
52    <uses-permission
52-->src/main/AndroidManifest.xml:35:5-36:71
53        android:name="android.permission.NEARBY_WIFI_DEVICES"
53-->src/main/AndroidManifest.xml:35:22-75
54        android:usesPermissionFlags="neverForLocation" />
54-->src/main/AndroidManifest.xml:36:22-68
55
56    <permission
56-->[androidx.core:core:1.15.0] AndroidManifest.xml:22:5-24:47
57        android:name="app.scotty.DYNAMIC_RECEIVER_NOT_EXPORTED_PERMISSION"
57-->[androidx.core:core:1.15.0] AndroidManifest.xml:23:9-81
58        android:protectionLevel="signature" />
58-->[androidx.core:core:1.15.0] AndroidManifest.xml:24:9-44
59
60    <uses-permission android:name="app.scotty.DYNAMIC_RECEIVER_NOT_EXPORTED_PERMISSION" />
60-->[androidx.core:core:1.15.0] AndroidManifest.xml:26:5-97
60-->[androidx.core:core:1.15.0] AndroidManifest.xml:26:22-94
61
62    <application
62-->src/main/AndroidManifest.xml:38:5-72:19
63        android:name="org.localsend.localsend_app.LocalSendApp"
63-->src/main/AndroidManifest.xml:39:9-37
64        android:allowBackup="true"
64-->src/main/AndroidManifest.xml:40:9-35
65        android:appComponentFactory="androidx.core.app.CoreComponentFactory"
65-->[androidx.core:core:1.15.0] AndroidManifest.xml:28:18-86
66        android:debuggable="true"
67        android:extractNativeLibs="false"
68        android:icon="@mipmap/ic_launcher"
68-->src/main/AndroidManifest.xml:41:9-43
69        android:label="@string/app_name"
69-->src/main/AndroidManifest.xml:42:9-41
70        android:roundIcon="@mipmap/ic_launcher_round"
70-->src/main/AndroidManifest.xml:43:9-54
71        android:supportsRtl="true"
71-->src/main/AndroidManifest.xml:44:9-35
72        android:theme="@style/Theme.LocalSend"
72-->src/main/AndroidManifest.xml:45:9-47
73        android:usesCleartextTraffic="true" >
73-->src/main/AndroidManifest.xml:46:9-44
74        <activity
74-->src/main/AndroidManifest.xml:49:9-58:20
75            android:name="org.localsend.localsend_app.ui.MainActivity"
75-->src/main/AndroidManifest.xml:50:13-44
76            android:exported="true"
76-->src/main/AndroidManifest.xml:51:13-36
77            android:hardwareAccelerated="false"
77-->src/main/AndroidManifest.xml:52:13-48
78            android:theme="@style/Theme.Scotty.Splash" >
78-->src/main/AndroidManifest.xml:53:13-55
79            <intent-filter>
79-->src/main/AndroidManifest.xml:54:13-57:29
80                <action android:name="android.intent.action.MAIN" />
80-->src/main/AndroidManifest.xml:55:17-69
80-->src/main/AndroidManifest.xml:55:25-66
81
82                <category android:name="android.intent.category.LAUNCHER" />
82-->src/main/AndroidManifest.xml:56:17-77
82-->src/main/AndroidManifest.xml:56:27-74
83            </intent-filter>
84        </activity>
85
86        <service
86-->src/main/AndroidManifest.xml:60:9-70:19
87            android:name="org.localsend.localsend_app.service.NfcHceService"
87-->src/main/AndroidManifest.xml:61:13-50
88            android:exported="true"
88-->src/main/AndroidManifest.xml:62:13-36
89            android:permission="android.permission.BIND_NFC_SERVICE" >
89-->src/main/AndroidManifest.xml:63:13-69
90            <intent-filter>
90-->src/main/AndroidManifest.xml:64:13-66:29
91                <action android:name="android.nfc.cardemulation.action.HOST_APDU_SERVICE" />
91-->src/main/AndroidManifest.xml:65:17-93
91-->src/main/AndroidManifest.xml:65:25-90
92            </intent-filter>
93
94            <meta-data
94-->src/main/AndroidManifest.xml:67:13-69:56
95                android:name="android.nfc.cardemulation.host_apdu_service"
95-->src/main/AndroidManifest.xml:68:17-75
96                android:resource="@xml/apdu_service" />
96-->src/main/AndroidManifest.xml:69:17-53
97        </service>
98        <service
98-->[com.google.android.gms:play-services-nearby:19.3.0] AndroidManifest.xml:9:9-214
99            android:name="com.google.android.gms.nearby.exposurenotification.WakeUpService"
99-->[com.google.android.gms:play-services-nearby:19.3.0] AndroidManifest.xml:9:18-97
100            android:exported="true"
100-->[com.google.android.gms:play-services-nearby:19.3.0] AndroidManifest.xml:9:98-121
101            android:permission="com.google.android.gms.nearby.exposurenotification.EXPOSURE_CALLBACK" />
101-->[com.google.android.gms:play-services-nearby:19.3.0] AndroidManifest.xml:9:122-211
102
103        <activity
103-->[com.google.android.gms:play-services-base:18.5.0] AndroidManifest.xml:5:9-173
104            android:name="com.google.android.gms.common.api.GoogleApiActivity"
104-->[com.google.android.gms:play-services-base:18.5.0] AndroidManifest.xml:5:19-85
105            android:exported="false"
105-->[com.google.android.gms:play-services-base:18.5.0] AndroidManifest.xml:5:146-170
106            android:theme="@android:style/Theme.Translucent.NoTitleBar" />
106-->[com.google.android.gms:play-services-base:18.5.0] AndroidManifest.xml:5:86-145
107
108        <meta-data
108-->[com.google.android.gms:play-services-basement:18.4.0] AndroidManifest.xml:6:9-122
109            android:name="com.google.android.gms.version"
109-->[com.google.android.gms:play-services-basement:18.4.0] AndroidManifest.xml:6:20-65
110            android:value="@integer/google_play_services_version" />
110-->[com.google.android.gms:play-services-basement:18.4.0] AndroidManifest.xml:6:66-119
111
112        <activity
112-->[androidx.compose.ui:ui-test-manifest:1.7.6] AndroidManifest.xml:23:9-25:39
113            android:name="androidx.activity.ComponentActivity"
113-->[androidx.compose.ui:ui-test-manifest:1.7.6] AndroidManifest.xml:24:13-63
114            android:exported="true" />
114-->[androidx.compose.ui:ui-test-manifest:1.7.6] AndroidManifest.xml:25:13-36
115        <activity
115-->[androidx.compose.ui:ui-tooling-android:1.7.6] AndroidManifest.xml:23:9-25:39
116            android:name="androidx.compose.ui.tooling.PreviewActivity"
116-->[androidx.compose.ui:ui-tooling-android:1.7.6] AndroidManifest.xml:24:13-71
117            android:exported="true" />
117-->[androidx.compose.ui:ui-tooling-android:1.7.6] AndroidManifest.xml:25:13-36
118
119        <provider
119-->[androidx.emoji2:emoji2:1.3.0] AndroidManifest.xml:24:9-32:20
120            android:name="androidx.startup.InitializationProvider"
120-->[androidx.emoji2:emoji2:1.3.0] AndroidManifest.xml:25:13-67
121            android:authorities="app.scotty.androidx-startup"
121-->[androidx.emoji2:emoji2:1.3.0] AndroidManifest.xml:26:13-68
122            android:exported="false" >
122-->[androidx.emoji2:emoji2:1.3.0] AndroidManifest.xml:27:13-37
123            <meta-data
123-->[androidx.emoji2:emoji2:1.3.0] AndroidManifest.xml:29:13-31:52
124                android:name="androidx.emoji2.text.EmojiCompatInitializer"
124-->[androidx.emoji2:emoji2:1.3.0] AndroidManifest.xml:30:17-75
125                android:value="androidx.startup" />
125-->[androidx.emoji2:emoji2:1.3.0] AndroidManifest.xml:31:17-49
126            <meta-data
126-->[androidx.lifecycle:lifecycle-process:2.8.7] AndroidManifest.xml:29:13-31:52
127                android:name="androidx.lifecycle.ProcessLifecycleInitializer"
127-->[androidx.lifecycle:lifecycle-process:2.8.7] AndroidManifest.xml:30:17-78
128                android:value="androidx.startup" />
128-->[androidx.lifecycle:lifecycle-process:2.8.7] AndroidManifest.xml:31:17-49
129            <meta-data
129-->[androidx.profileinstaller:profileinstaller:1.3.1] AndroidManifest.xml:29:13-31:52
130                android:name="androidx.profileinstaller.ProfileInstallerInitializer"
130-->[androidx.profileinstaller:profileinstaller:1.3.1] AndroidManifest.xml:30:17-85
131                android:value="androidx.startup" />
131-->[androidx.profileinstaller:profileinstaller:1.3.1] AndroidManifest.xml:31:17-49
132        </provider>
133
134        <receiver
134-->[androidx.profileinstaller:profileinstaller:1.3.1] AndroidManifest.xml:34:9-52:20
135            android:name="androidx.profileinstaller.ProfileInstallReceiver"
135-->[androidx.profileinstaller:profileinstaller:1.3.1] AndroidManifest.xml:35:13-76
136            android:directBootAware="false"
136-->[androidx.profileinstaller:profileinstaller:1.3.1] AndroidManifest.xml:36:13-44
137            android:enabled="true"
137-->[androidx.profileinstaller:profileinstaller:1.3.1] AndroidManifest.xml:37:13-35
138            android:exported="true"
138-->[androidx.profileinstaller:profileinstaller:1.3.1] AndroidManifest.xml:38:13-36
139            android:permission="android.permission.DUMP" >
139-->[androidx.profileinstaller:profileinstaller:1.3.1] AndroidManifest.xml:39:13-57
140            <intent-filter>
140-->[androidx.profileinstaller:profileinstaller:1.3.1] AndroidManifest.xml:40:13-42:29
141                <action android:name="androidx.profileinstaller.action.INSTALL_PROFILE" />
141-->[androidx.profileinstaller:profileinstaller:1.3.1] AndroidManifest.xml:41:17-91
141-->[androidx.profileinstaller:profileinstaller:1.3.1] AndroidManifest.xml:41:25-88
142            </intent-filter>
143            <intent-filter>
143-->[androidx.profileinstaller:profileinstaller:1.3.1] AndroidManifest.xml:43:13-45:29
144                <action android:name="androidx.profileinstaller.action.SKIP_FILE" />
144-->[androidx.profileinstaller:profileinstaller:1.3.1] AndroidManifest.xml:44:17-85
144-->[androidx.profileinstaller:profileinstaller:1.3.1] AndroidManifest.xml:44:25-82
145            </intent-filter>
146            <intent-filter>
146-->[androidx.profileinstaller:profileinstaller:1.3.1] AndroidManifest.xml:46:13-48:29
147                <action android:name="androidx.profileinstaller.action.SAVE_PROFILE" />
147-->[androidx.profileinstaller:profileinstaller:1.3.1] AndroidManifest.xml:47:17-88
147-->[androidx.profileinstaller:profileinstaller:1.3.1] AndroidManifest.xml:47:25-85
148            </intent-filter>
149            <intent-filter>
149-->[androidx.profileinstaller:profileinstaller:1.3.1] AndroidManifest.xml:49:13-51:29
150                <action android:name="androidx.profileinstaller.action.BENCHMARK_OPERATION" />
150-->[androidx.profileinstaller:profileinstaller:1.3.1] AndroidManifest.xml:50:17-95
150-->[androidx.profileinstaller:profileinstaller:1.3.1] AndroidManifest.xml:50:25-92
151            </intent-filter>
152        </receiver>
153    </application>
154
155</manifest>